This file contains any messages produced by compilers while
running configure, to aid debugging if configure makes a mistake.

It was created by TRE configure 0.7.5, which was
generated by GNU Autoconf 2.61.  Invocation command line was

  $ ./configure --disable-option-checking --prefix=/usr/local --cache-file=/dev/null --srcdir=.

## --------- ##
## Platform. ##
## --------- ##

hostname = prosciutto-vm
uname -m = x86_64
uname -r = 2.6.35-28-generic
uname -s = Linux
uname -v = #49-Ubuntu SMP Tue Mar 1 14:39:03 UTC 2011

/usr/bin/uname -p = unknown
/bin/uname -X     = unknown

/bin/arch              = unknown
/usr/bin/arch -k       = unknown
/usr/convex/getsysinfo = unknown
/usr/bin/hostinfo      = unknown
/bin/machine           = unknown
/usr/bin/oslevel       = unknown
/bin/universe          = unknown

PATH: /usr/local/sbin
PATH: /usr/local/bin
PATH: /usr/sbin
PATH: /usr/bin
PATH: /sbin
PATH: /bin
PATH: /usr/X11R6/bin


## ----------- ##
## Core tests. ##
## ----------- ##

configure:2005: checking build system type
configure:2023: result: x86_64-unknown-linux-gnu
configure:2045: checking host system type
configure:2060: result: x86_64-unknown-linux-gnu
configure:2082: checking target system type
configure:2097: result: x86_64-unknown-linux-gnu
configure:2139: checking for a BSD-compatible install
configure:2195: result: /usr/bin/install -c
configure:2206: checking whether build environment is sane
configure:2249: result: yes
configure:2314: checking for gawk
configure:2344: result: no
configure:2314: checking for mawk
configure:2330: found /usr/bin/mawk
configure:2341: result: mawk
configure:2352: checking whether make sets $(MAKE)
configure:2373: result: yes
configure:2608: checking for gcc
configure:2624: found /usr/bin/gcc
configure:2635: result: gcc
configure:2873: checking for C compiler version
configure:2880: gcc --version >&5
gcc (Ubuntu/Linaro 4.4.4-14ubuntu5) 4.4.5
Copyright (C) 2010 Free Software Foundation, Inc.
This is free software; see the source for copying conditions.  There is NO
warranty; not even for MERCHANTABILITY or FITNESS FOR A PARTICULAR PURPOSE.

configure:2883: $? = 0
configure:2890: gcc -v >&5
Using built-in specs.
Target: x86_64-linux-gnu
Configured with: ../src/configure -v --with-pkgversion='Ubuntu/Linaro 4.4.4-14ubuntu5' --with-bugurl=file:///usr/share/doc/gcc-4.4/README.Bugs --enable-languages=c,c++,fortran,objc,obj-c++ --prefix=/usr --program-suffix=-4.4 --enable-shared --enable-multiarch --enable-linker-build-id --with-system-zlib --libexecdir=/usr/lib --without-included-gettext --enable-threads=posix --with-gxx-include-dir=/usr/include/c++/4.4 --libdir=/usr/lib --enable-nls --with-sysroot=/ --enable-clocale=gnu --enable-libstdcxx-debug --enable-objc-gc --disable-werror --with-arch-32=i686 --with-tune=generic --enable-checking=release --build=x86_64-linux-gnu --host=x86_64-linux-gnu --target=x86_64-linux-gnu
Thread model: posix
gcc version 4.4.5 (Ubuntu/Linaro 4.4.4-14ubuntu5) 
configure:2893: $? = 0
configure:2900: gcc -V >&5
gcc: '-V' option must have argument
configure:2903: $? = 1
configure:2926: checking for C compiler default output file name
configure:2953: gcc    conftest.c  >&5
configure:2956: $? = 0
configure:2994: result: a.out
configure:3011: checking whether the C compiler works
configure:3021: ./a.out
configure:3024: $? = 0
configure:3041: result: yes
configure:3048: checking whether we are cross compiling
configure:3050: result: no
configure:3053: checking for suffix of executables
configure:3060: gcc -o conftest    conftest.c  >&5
configure:3063: $? = 0
configure:3087: result: 
configure:3093: checking for suffix of object files
configure:3119: gcc -c   conftest.c >&5
configure:3122: $? = 0
configure:3145: result: o
configure:3149: checking whether we are using the GNU C compiler
configure:3178: gcc -c   conftest.c >&5
configure:3184: $? = 0
configure:3201: result: yes
configure:3206: checking whether gcc accepts -g
configure:3236: gcc -c -g  conftest.c >&5
configure:3242: $? = 0
configure:3341: result: yes
configure:3358: checking for gcc option to accept ISO C89
configure:3432: gcc  -c -g -O2  conftest.c >&5
configure:3438: $? = 0
configure:3461: result: none needed
configure:3490: checking for style of include used by make
configure:3518: result: GNU
configure:3546: checking dependency style of gcc
configure:3636: result: gcc3
configure:3696: checking for ranlib
configure:3712: found /usr/bin/ranlib
configure:3723: result: ranlib
configure:3757: checking how to run the C preprocessor
configure:3797: gcc -E  conftest.c
configure:3803: $? = 0
configure:3834: gcc -E  conftest.c
conftest.c:10: fatal error: ac_nonexistent.h: No such file or directory
compilation terminated.
configure:3840: $? = 1
configure: failed program was:
| /* confdefs.h.  */
| #define PACKAGE_NAME "TRE"
| #define PACKAGE_TARNAME "tre"
| #define PACKAGE_VERSION "0.7.5"
| #define PACKAGE_STRING "TRE 0.7.5"
| #define PACKAGE_BUGREPORT "tre-general@lists.laurikari.net"
| #define PACKAGE "tre"
| #define VERSION "0.7.5"
| /* end confdefs.h.  */
| #include <ac_nonexistent.h>
configure:3873: result: gcc -E
configure:3902: gcc -E  conftest.c
configure:3908: $? = 0
configure:3939: gcc -E  conftest.c
conftest.c:10: fatal error: ac_nonexistent.h: No such file or directory
compilation terminated.
configure:3945: $? = 1
configure: failed program was:
| /* confdefs.h.  */
| #define PACKAGE_NAME "TRE"
| #define PACKAGE_TARNAME "tre"
| #define PACKAGE_VERSION "0.7.5"
| #define PACKAGE_STRING "TRE 0.7.5"
| #define PACKAGE_BUGREPORT "tre-general@lists.laurikari.net"
| #define PACKAGE "tre"
| #define VERSION "0.7.5"
| /* end confdefs.h.  */
| #include <ac_nonexistent.h>
configure:3995: checking for a BSD-compatible install
configure:4051: result: /usr/bin/install -c
configure:4181: checking for C compiler warning flags
configure:4274: result: -Wall
configure:4354: checking for an ANSI C-conforming const
configure:4429: gcc -c -g -O2 -Wall  conftest.c >&5
conftest.c: In function 'main':
conftest.c:45: warning: 't' is used uninitialized in this function
conftest.c:61: warning: 'b' is used uninitialized in this function
conftest.c:24: warning: 'cs[0]' is used uninitialized in this function
configure:4435: $? = 0
configure:4450: result: yes
configure:4460: checking for inline
configure:4486: gcc -c -g -O2 -Wall  conftest.c >&5
configure:4492: $? = 0
configure:4510: result: inline
configure:4536: checking for grep that handles long lines and -e
configure:4610: result: /bin/grep
configure:4615: checking for egrep
configure:4693: result: /bin/grep -E
configure:4698: checking for ANSI C header files
configure:4728: gcc -c -g -O2 -Wall  conftest.c >&5
configure:4734: $? = 0
configure:4833: gcc -o conftest -g -O2 -Wall   conftest.c  >&5
configure:4836: $? = 0
configure:4842: ./conftest
configure:4845: $? = 0
configure:4862: result: yes
configure:4887: checking for sys/types.h
configure:4908: gcc -c -g -O2 -Wall  conftest.c >&5
configure:4914: $? = 0
configure:4930: result: yes
configure:4887: checking for sys/stat.h
configure:4908: gcc -c -g -O2 -Wall  conftest.c >&5
configure:4914: $? = 0
configure:4930: result: yes
configure:4887: checking for stdlib.h
configure:4908: gcc -c -g -O2 -Wall  conftest.c >&5
configure:4914: $? = 0
configure:4930: result: yes
configure:4887: checking for string.h
configure:4908: gcc -c -g -O2 -Wall  conftest.c >&5
configure:4914: $? = 0
configure:4930: result: yes
configure:4887: checking for memory.h
configure:4908: gcc -c -g -O2 -Wall  conftest.c >&5
configure:4914: $? = 0
configure:4930: result: yes
configure:4887: checking for strings.h
configure:4908: gcc -c -g -O2 -Wall  conftest.c >&5
configure:4914: $? = 0
configure:4930: result: yes
configure:4887: checking for inttypes.h
configure:4908: gcc -c -g -O2 -Wall  conftest.c >&5
configure:4914: $? = 0
configure:4930: result: yes
configure:4887: checking for stdint.h
configure:4908: gcc -c -g -O2 -Wall  conftest.c >&5
configure:4914: $? = 0
configure:4930: result: yes
configure:4887: checking for unistd.h
configure:4908: gcc -c -g -O2 -Wall  conftest.c >&5
configure:4914: $? = 0
configure:4930: result: yes
configure:4959: checking getopt.h usability
configure:4976: gcc -c -g -O2 -Wall  conftest.c >&5
configure:4982: $? = 0
configure:4996: result: yes
configure:5000: checking getopt.h presence
configure:5015: gcc -E  conftest.c
configure:5021: $? = 0
configure:5035: result: yes
configure:5068: checking for getopt.h
configure:5076: result: yes
configure:5098: checking for getopt_long_only
configure:5154: gcc -o conftest -g -O2 -Wall   conftest.c  >&5
configure:5160: $? = 0
configure:5178: result: yes
configure:5193: checking whether optreset is declared
configure:5223: gcc -c -g -O2 -Wall  conftest.c >&5
conftest.c: In function 'main':
conftest.c:35: error: 'optreset' undeclared (first use in this function)
conftest.c:35: error: (Each undeclared identifier is reported only once
conftest.c:35: error: for each function it appears in.)
configure:5229: $? = 1
configure: failed program was:
| /* confdefs.h.  */
| #define PACKAGE_NAME "TRE"
| #define PACKAGE_TARNAME "tre"
| #define PACKAGE_VERSION "0.7.5"
| #define PACKAGE_STRING "TRE 0.7.5"
| #define PACKAGE_BUGREPORT "tre-general@lists.laurikari.net"
| #define PACKAGE "tre"
| #define VERSION "0.7.5"
| #define TRE_VERSION "0.7.5"
| #define TRE_VERSION_1 0
| #define TRE_VERSION_2 7
| #define TRE_VERSION_3 5
| #define NDEBUG 1
| #define TRE_APPROX 1
| #define _GNU_SOURCE 1
| #define STDC_HEADERS 1
| #define HAVE_SYS_TYPES_H 1
| #define HAVE_SYS_STAT_H 1
| #define HAVE_STDLIB_H 1
| #define HAVE_STRING_H 1
| #define HAVE_MEMORY_H 1
| #define HAVE_STRINGS_H 1
| #define HAVE_INTTYPES_H 1
| #define HAVE_STDINT_H 1
| #define HAVE_UNISTD_H 1
| #define HAVE_GETOPT_H 1
| #define HAVE_GETOPT_LONG_ONLY 1
| /* end confdefs.h.  */
| #include <getopt.h>
| 
| int
| main ()
| {
| #ifndef optreset
|   (void) optreset;
| #endif
| 
|   ;
|   return 0;
| }
configure:5244: result: no
configure:5253: checking for working GNU getopt function
configure:5346: gcc -o conftest -g -O2 -Wall   conftest.c  >&5
configure:5349: $? = 0
configure:5355: ./conftest
conftest: invalid option -- '+'
configure:5358: $? = 0
configure:5374: result: yes
configure:5382: checking whether getenv is declared
configure:5411: gcc -c -g -O2 -Wall  conftest.c >&5
configure:5417: $? = 0
configure:5432: result: yes
configure:5501: checking for unistd.h
configure:5507: result: yes
configure:5660: checking for unistd.h
configure:5666: result: yes
configure:5859: checking for working alloca.h
configure:5886: gcc -o conftest -g -O2 -Wall   conftest.c  >&5
configure:5892: $? = 0
configure:5909: result: yes
configure:5919: checking for alloca
configure:5966: gcc -o conftest -g -O2 -Wall   conftest.c  >&5
configure:5972: $? = 0
configure:5989: result: yes
configure:6735: checking for isascii
configure:6791: gcc -o conftest -g -O2 -Wall   conftest.c  >&5
conftest.c:59: warning: conflicting types for built-in function 'isascii'
configure:6797: $? = 0
configure:6815: result: yes
configure:6735: checking for isblank
configure:6791: gcc -o conftest -g -O2 -Wall   conftest.c  >&5
conftest.c:60: warning: conflicting types for built-in function 'isblank'
configure:6797: $? = 0
configure:6815: result: yes
configure:6858: checking for libutf8
configure:6903: gcc -o conftest -g -O2 -Wall   conftest.c  >&5
configure:6909: $? = 0
configure:6989: result: not needed
configure:7178: checking wchar.h usability
configure:7195: gcc -c -g -O2 -Wall  conftest.c >&5
configure:7201: $? = 0
configure:7215: result: yes
configure:7219: checking wchar.h presence
configure:7234: gcc -E  conftest.c
configure:7240: $? = 0
configure:7254: result: yes
configure:7287: checking for wchar.h
configure:7295: result: yes
configure:7178: checking wctype.h usability
configure:7195: gcc -c -g -O2 -Wall  conftest.c >&5
configure:7201: $? = 0
configure:7215: result: yes
configure:7219: checking wctype.h presence
configure:7234: gcc -E  conftest.c
configure:7240: $? = 0
configure:7254: result: yes
configure:7287: checking for wctype.h
configure:7295: result: yes
configure:7329: checking for wchar_t
configure:7360: gcc -c -g -O2 -Wall  conftest.c >&5
configure:7366: $? = 0
configure:7381: result: yes
configure:7391: checking whether WCHAR_MAX is defined
configure:7422: gcc -c -g -O2 -Wall  conftest.c >&5
conftest.c: In function 'main':
conftest.c:50: warning: statement with no effect
configure:7428: $? = 0
configure:7443: result: yes
configure:7543: checking for wint_t
configure:7574: gcc -c -g -O2 -Wall  conftest.c >&5
configure:7580: $? = 0
configure:7595: result: yes
configure:7612: checking for mbstate_t
configure:7643: gcc -c -g -O2 -Wall  conftest.c >&5
configure:7649: $? = 0
configure:7664: result: yes
configure:7685: checking for wcsrtombs
configure:7714: gcc -o conftest -g -O2 -Wall   conftest.c  >&5
configure:7720: $? = 0
configure:7738: result: yes
configure:7773: checking for iswlower
configure:7802: gcc -o conftest -g -O2 -Wall   conftest.c  >&5
configure:7808: $? = 0
configure:7826: result: yes
configure:7773: checking for iswupper
configure:7802: gcc -o conftest -g -O2 -Wall   conftest.c  >&5
configure:7808: $? = 0
configure:7826: result: yes
configure:7773: checking for towlower
configure:7802: gcc -o conftest -g -O2 -Wall   conftest.c  >&5
configure:7808: $? = 0
configure:7826: result: yes
configure:7773: checking for towupper
configure:7802: gcc -o conftest -g -O2 -Wall   conftest.c  >&5
configure:7808: $? = 0
configure:7826: result: yes
configure:7773: checking for wcschr
configure:7802: gcc -o conftest -g -O2 -Wall   conftest.c  >&5
configure:7808: $? = 0
configure:7826: result: yes
configure:7773: checking for wcscpy
configure:7802: gcc -o conftest -g -O2 -Wall   conftest.c  >&5
configure:7808: $? = 0
configure:7826: result: yes
configure:7773: checking for wcslen
configure:7802: gcc -o conftest -g -O2 -Wall   conftest.c  >&5
configure:7808: $? = 0
configure:7826: result: yes
configure:7773: checking for wcsncpy
configure:7802: gcc -o conftest -g -O2 -Wall   conftest.c  >&5
configure:7808: $? = 0
configure:7826: result: yes
configure:7878: checking for wctype
configure:7907: gcc -o conftest -g -O2 -Wall   conftest.c  >&5
configure:7913: $? = 0
configure:7931: result: yes
configure:7878: checking for iswctype
configure:7907: gcc -o conftest -g -O2 -Wall   conftest.c  >&5
configure:7913: $? = 0
configure:7931: result: yes
configure:7952: checking for iswascii
configure:7981: gcc -o conftest -g -O2 -Wall   conftest.c  >&5
conftest.c:66: error: 'iswascii' undeclared here (not in a function)
configure:7987: $? = 1
configure: failed program was:
|  /* confdefs.h.  */
| #define PACKAGE_NAME "TRE"
| #define PACKAGE_TARNAME "tre"
| #define PACKAGE_VERSION "0.7.5"
| #define PACKAGE_STRING "TRE 0.7.5"
| #define PACKAGE_BUGREPORT "tre-general@lists.laurikari.net"
| #define PACKAGE "tre"
| #define VERSION "0.7.5"
| #define TRE_VERSION "0.7.5"
| #define TRE_VERSION_1 0
| #define TRE_VERSION_2 7
| #define TRE_VERSION_3 5
| #define NDEBUG 1
| #define TRE_APPROX 1
| #define _GNU_SOURCE 1
| #define STDC_HEADERS 1
| #define HAVE_SYS_TYPES_H 1
| #define HAVE_SYS_STAT_H 1
| #define HAVE_STDLIB_H 1
| #define HAVE_STRING_H 1
| #define HAVE_MEMORY_H 1
| #define HAVE_STRINGS_H 1
| #define HAVE_INTTYPES_H 1
| #define HAVE_STDINT_H 1
| #define HAVE_UNISTD_H 1
| #define HAVE_GETOPT_H 1
| #define HAVE_GETOPT_LONG_ONLY 1
| #define HAVE_DECL_GETENV 1
| #define HAVE_UNISTD_H 1
| #define HAVE_UNISTD_H 1
| #define HAVE_ALLOCA_H 1
| #define HAVE_ALLOCA 1
| #define TRE_USE_ALLOCA 1
| #define TRE_REGEX_T_FIELD value
| #define HAVE_ISASCII 1
| #define HAVE_ISBLANK 1
| #define HAVE_WCHAR_H 1
| #define HAVE_WCTYPE_H 1
| #define HAVE_WCHAR_T 1
| #define HAVE_WINT_T 1
| #define HAVE_MBSTATE_T 1
| #define HAVE_WCSRTOMBS 1
| #define HAVE_ISWLOWER 1
| #define HAVE_ISWUPPER 1
| #define HAVE_TOWLOWER 1
| #define HAVE_TOWUPPER 1
| #define HAVE_WCSCHR 1
| #define HAVE_WCSCPY 1
| #define HAVE_WCSLEN 1
| #define HAVE_WCSNCPY 1
| #define TRE_WCHAR 1
| #define HAVE_WCTYPE 1
| #define HAVE_ISWCTYPE 1
| /* end confdefs.h.  */
| 
| #ifdef HAVE_WCHAR_H
| #include <wchar.h>
| #endif /* HAVE_WCHAR_H */
| #ifdef HAVE_WCTYPE_H
| #include <wctype.h>
| #endif /* HAVE_WCTYPE_H */
| #ifdef HAVE_LIBUTF8_H
| #include <libutf8.h>
| #endif /* HAVE_LIBUTF8_H */
| 
| void *foo = iswascii;
| 
| int
| main ()
| {
|   return foo != iswascii;
|   ;
|   return 0;
| }
configure:8005: result: no
configure:7952: checking for iswblank
configure:7981: gcc -o conftest -g -O2 -Wall   conftest.c  >&5
configure:7987: $? = 0
configure:8005: result: yes
configure:8051: checking for mbrtowc
configure:8080: gcc -o conftest -g -O2 -Wall   conftest.c  >&5
configure:8086: $? = 0
configure:8104: result: yes
configure:8157: checking for special C compiler options needed for large files
configure:8250: result: no
configure:8256: checking for _FILE_OFFSET_BITS value needed for large files
configure:8291: gcc -c -g -O2 -Wall  conftest.c >&5
configure:8297: $? = 0
configure:8365: result: no
configure:8516: checking whether NLS is requested
configure:8525: result: yes
configure:8563: checking for msgfmt
configure:8598: result: no
configure:8604: checking for gmsgfmt
configure:8635: result: :
configure:8675: checking for xgettext
configure:8710: result: no
configure:8747: checking for msgmerge
configure:8781: result: no
configure:8853: checking for ld used by GCC
configure:8917: result: /usr/bin/ld
configure:8926: checking if the linker (/usr/bin/ld) is GNU ld
configure:8939: result: yes
configure:8946: checking for shared library run path origin
configure:8959: result: done
configure:9375: checking for CFPreferencesCopyAppValue
configure:9405: gcc -o conftest -g -O2 -Wall  -I/System/Library/Frameworks/CoreFoundation.framework/Headers  conftest.c  -framework CoreFoundation >&5
gcc: CoreFoundation: No such file or directory
cc1: error: unrecognized command line option "-framework"
configure:9411: $? = 1
configure: failed program was:
| /* confdefs.h.  */
| #define PACKAGE_NAME "TRE"
| #define PACKAGE_TARNAME "tre"
| #define PACKAGE_VERSION "0.7.5"
| #define PACKAGE_STRING "TRE 0.7.5"
| #define PACKAGE_BUGREPORT "tre-general@lists.laurikari.net"
| #define PACKAGE "tre"
| #define VERSION "0.7.5"
| #define TRE_VERSION "0.7.5"
| #define TRE_VERSION_1 0
| #define TRE_VERSION_2 7
| #define TRE_VERSION_3 5
| #define NDEBUG 1
| #define TRE_APPROX 1
| #define _GNU_SOURCE 1
| #define STDC_HEADERS 1
| #define HAVE_SYS_TYPES_H 1
| #define HAVE_SYS_STAT_H 1
| #define HAVE_STDLIB_H 1
| #define HAVE_STRING_H 1
| #define HAVE_MEMORY_H 1
| #define HAVE_STRINGS_H 1
| #define HAVE_INTTYPES_H 1
| #define HAVE_STDINT_H 1
| #define HAVE_UNISTD_H 1
| #define HAVE_GETOPT_H 1
| #define HAVE_GETOPT_LONG_ONLY 1
| #define HAVE_DECL_GETENV 1
| #define HAVE_UNISTD_H 1
| #define HAVE_UNISTD_H 1
| #define HAVE_ALLOCA_H 1
| #define HAVE_ALLOCA 1
| #define TRE_USE_ALLOCA 1
| #define TRE_REGEX_T_FIELD value
| #define HAVE_ISASCII 1
| #define HAVE_ISBLANK 1
| #define HAVE_WCHAR_H 1
| #define HAVE_WCTYPE_H 1
| #define HAVE_WCHAR_T 1
| #define HAVE_WINT_T 1
| #define HAVE_MBSTATE_T 1
| #define HAVE_WCSRTOMBS 1
| #define HAVE_ISWLOWER 1
| #define HAVE_ISWUPPER 1
| #define HAVE_TOWLOWER 1
| #define HAVE_TOWUPPER 1
| #define HAVE_WCSCHR 1
| #define HAVE_WCSCPY 1
| #define HAVE_WCSLEN 1
| #define HAVE_WCSNCPY 1
| #define TRE_WCHAR 1
| #define HAVE_WCTYPE 1
| #define HAVE_ISWCTYPE 1
| #define HAVE_ISWBLANK 1
| #define HAVE_MBRTOWC 1
| #define TRE_MULTIBYTE 1
| /* end confdefs.h.  */
| #include <CFPreferences.h>
| int
| main ()
| {
| CFPreferencesCopyAppValue(NULL, NULL)
|   ;
|   return 0;
| }
configure:9430: result: no
configure:9439: checking for CFLocaleCopyCurrent
configure:9469: gcc -o conftest -g -O2 -Wall  -I/System/Library/Frameworks/CoreFoundation.framework/Headers  conftest.c  -framework CoreFoundation >&5
gcc: CoreFoundation: No such file or directory
cc1: error: unrecognized command line option "-framework"
configure:9475: $? = 1
configure: failed program was:
| /* confdefs.h.  */
| #define PACKAGE_NAME "TRE"
| #define PACKAGE_TARNAME "tre"
| #define PACKAGE_VERSION "0.7.5"
| #define PACKAGE_STRING "TRE 0.7.5"
| #define PACKAGE_BUGREPORT "tre-general@lists.laurikari.net"
| #define PACKAGE "tre"
| #define VERSION "0.7.5"
| #define TRE_VERSION "0.7.5"
| #define TRE_VERSION_1 0
| #define TRE_VERSION_2 7
| #define TRE_VERSION_3 5
| #define NDEBUG 1
| #define TRE_APPROX 1
| #define _GNU_SOURCE 1
| #define STDC_HEADERS 1
| #define HAVE_SYS_TYPES_H 1
| #define HAVE_SYS_STAT_H 1
| #define HAVE_STDLIB_H 1
| #define HAVE_STRING_H 1
| #define HAVE_MEMORY_H 1
| #define HAVE_STRINGS_H 1
| #define HAVE_INTTYPES_H 1
| #define HAVE_STDINT_H 1
| #define HAVE_UNISTD_H 1
| #define HAVE_GETOPT_H 1
| #define HAVE_GETOPT_LONG_ONLY 1
| #define HAVE_DECL_GETENV 1
| #define HAVE_UNISTD_H 1
| #define HAVE_UNISTD_H 1
| #define HAVE_ALLOCA_H 1
| #define HAVE_ALLOCA 1
| #define TRE_USE_ALLOCA 1
| #define TRE_REGEX_T_FIELD value
| #define HAVE_ISASCII 1
| #define HAVE_ISBLANK 1
| #define HAVE_WCHAR_H 1
| #define HAVE_WCTYPE_H 1
| #define HAVE_WCHAR_T 1
| #define HAVE_WINT_T 1
| #define HAVE_MBSTATE_T 1
| #define HAVE_WCSRTOMBS 1
| #define HAVE_ISWLOWER 1
| #define HAVE_ISWUPPER 1
| #define HAVE_TOWLOWER 1
| #define HAVE_TOWUPPER 1
| #define HAVE_WCSCHR 1
| #define HAVE_WCSCPY 1
| #define HAVE_WCSLEN 1
| #define HAVE_WCSNCPY 1
| #define TRE_WCHAR 1
| #define HAVE_WCTYPE 1
| #define HAVE_ISWCTYPE 1
| #define HAVE_ISWBLANK 1
| #define HAVE_MBRTOWC 1
| #define TRE_MULTIBYTE 1
| /* end confdefs.h.  */
| #include <CFLocale.h>
| int
| main ()
| {
| CFLocaleCopyCurrent();
|   ;
|   return 0;
| }
configure:9494: result: no
configure:9511: checking whether NLS is requested
configure:9520: result: yes
configure:9538: checking for GNU gettext in libc
configure:9567: gcc -o conftest -g -O2 -Wall   conftest.c  >&5
conftest.c: In function 'main':
conftest.c:65: warning: cast from pointer to integer of different size
configure:9573: $? = 0
configure:9590: result: yes
configure:10288: checking whether to use NLS
configure:10290: result: yes
configure:10293: checking where the gettext function comes from
configure:10304: result: libc
configure:10442: checking for a sed that does not truncate output
configure:10496: result: /bin/sed
configure:10510: checking for ld used by gcc
configure:10577: result: /usr/bin/ld
configure:10586: checking if the linker (/usr/bin/ld) is GNU ld
configure:10601: result: yes
configure:10606: checking for /usr/bin/ld option to reload object files
configure:10613: result: -r
configure:10631: checking for BSD-compatible nm
configure:10680: result: /usr/bin/nm -B
configure:10684: checking whether ln -s works
configure:10688: result: yes
configure:10695: checking how to recognise dependent libraries
configure:10871: result: pass_all
configure:10958: gcc -c -g -O2 -Wall  conftest.c >&5
configure:10961: $? = 0
configure:11404: checking dlfcn.h usability
configure:11421: gcc -c -g -O2 -Wall  conftest.c >&5
configure:11427: $? = 0
configure:11441: result: yes
configure:11445: checking dlfcn.h presence
configure:11460: gcc -E  conftest.c
configure:11466: $? = 0
configure:11480: result: yes
configure:11513: checking for dlfcn.h
configure:11521: result: yes
configure:11538: checking the maximum length of command line arguments
configure:11647: result: 32768
configure:11658: checking command to parse /usr/bin/nm -B output from gcc object
configure:11763: gcc -c -g -O2 -Wall  conftest.c >&5
configure:11766: $? = 0
configure:11770: /usr/bin/nm -B conftest.o \| sed -n -e 's/^.*[ 	]\([ABCDGIRSTW][ABCDGIRSTW]*\)[ 	][ 	]*\([_A-Za-z][_A-Za-z0-9]*\)$/\1 \2 \2/p' \> conftest.nm
configure:11773: $? = 0
configure:11825: gcc -o conftest -g -O2 -Wall   conftest.c conftstm.o >&5
configure:11828: $? = 0
configure:11866: result: ok
configure:11870: checking for objdir
configure:11885: result: .libs
configure:11977: checking for ar
configure:11993: found /usr/bin/ar
configure:12004: result: ar
configure:12073: checking for ranlib
configure:12100: result: ranlib
configure:12169: checking for strip
configure:12185: found /usr/bin/strip
configure:12196: result: strip
configure:12482: checking if gcc supports -fno-rtti -fno-exceptions
configure:12500: gcc -c -g -O2 -Wall  -fno-rtti -fno-exceptions conftest.c >&5
cc1: warning: command line option "-fno-rtti" is valid for C++/ObjC++ but not for C
configure:12504: $? = 0
configure:12517: result: no
configure:12532: checking for gcc option to produce PIC
configure:12742: result: -fPIC
configure:12750: checking if gcc PIC flag -fPIC works
configure:12768: gcc -c -g -O2 -Wall  -fPIC -DPIC conftest.c >&5
configure:12772: $? = 0
configure:12785: result: yes
configure:12813: checking if gcc static flag -static works
configure:12841: result: yes
configure:12851: checking if gcc supports -c -o file.o
configure:12872: gcc -c -g -O2 -Wall  -o out/conftest2.o conftest.c >&5
configure:12876: $? = 0
configure:12898: result: yes
configure:12924: checking whether the gcc linker (/usr/bin/ld -m elf_x86_64) supports shared libraries
configure:13878: result: yes
configure:13899: checking whether -lc should be explicitly linked in
configure:13904: gcc -c -g -O2 -Wall  conftest.c >&5
configure:13907: $? = 0
configure:13922: gcc -shared conftest.o  -v -Wl,-soname -Wl,conftest -o conftest 2\>\&1 \| grep  -lc  \>/dev/null 2\>\&1
configure:13925: $? = 0
configure:13937: result: no
configure:13945: checking dynamic linker characteristics
configure:14533: result: GNU/Linux ld.so
configure:14542: checking how to hardcode library paths into programs
configure:14567: result: immediate
configure:14581: checking whether stripping libraries is possible
configure:14586: result: yes
configure:15387: checking if libtool supports shared libraries
configure:15389: result: yes
configure:15392: checking whether to build shared libraries
configure:15413: result: yes
configure:15416: checking whether to build static libraries
configure:15420: result: no
configure:15512: creating libtool
configure:16150: creating ./config.status

## ---------------------- ##
## Running config.status. ##
## ---------------------- ##

This file was extended by TRE config.status 0.7.5, which was
generated by GNU Autoconf 2.61.  Invocation command line was

  CONFIG_FILES    = 
  CONFIG_HEADERS  = 
  CONFIG_LINKS    = 
  CONFIG_COMMANDS = 
  $ ./config.status 

on prosciutto-vm

config.status:708: creating Makefile
config.status:708: creating doc/Makefile
config.status:708: creating doc/agrep.1
config.status:708: creating gnulib/Makefile
config.status:708: creating gnulib/lib/Makefile
config.status:708: creating gnulib/tests/Makefile
config.status:708: creating lib/Makefile
config.status:708: creating m4/Makefile
config.status:708: creating po/Makefile.in
config.status:843: WARNING:  po/Makefile.in.in seems to ignore the --datarootdir setting
config.status:708: creating src/Makefile
config.status:708: creating tests/Makefile
config.status:708: creating tests/agrep/Makefile
config.status:708: creating tre.pc
config.status:708: creating tre.spec
config.status:708: creating utils/Makefile
config.status:708: creating config.h
config.status:977: config.h is unchanged
config.status:708: creating lib/tre-config.h
config.status:977: lib/tre-config.h is unchanged
config.status:1023: executing depfiles commands
config.status:1023: executing default-1 commands

## ---------------- ##
## Cache variables. ##
## ---------------- ##

ac_cv_build=x86_64-unknown-linux-gnu
ac_cv_c_compiler_gnu=yes
ac_cv_c_const=yes
ac_cv_c_inline=inline
ac_cv_env_CC_set=
ac_cv_env_CC_value=
ac_cv_env_CFLAGS_set=
ac_cv_env_CFLAGS_value=
ac_cv_env_CPPFLAGS_set=
ac_cv_env_CPPFLAGS_value=
ac_cv_env_CPP_set=
ac_cv_env_CPP_value=
ac_cv_env_LDFLAGS_set=
ac_cv_env_LDFLAGS_value=
ac_cv_env_LIBS_set=
ac_cv_env_LIBS_value=
ac_cv_env_build_alias_set=
ac_cv_env_build_alias_value=
ac_cv_env_host_alias_set=
ac_cv_env_host_alias_value=
ac_cv_env_target_alias_set=
ac_cv_env_target_alias_value=
ac_cv_func_alloca_works=yes
ac_cv_func_getopt_long_only=yes
ac_cv_func_isascii=yes
ac_cv_func_isblank=yes
ac_cv_have_decl_getenv=yes
ac_cv_have_decl_optreset=no
ac_cv_header_dlfcn_h=yes
ac_cv_header_getopt_h=yes
ac_cv_header_inttypes_h=yes
ac_cv_header_memory_h=yes
ac_cv_header_stdc=yes
ac_cv_header_stdint_h=yes
ac_cv_header_stdlib_h=yes
ac_cv_header_string_h=yes
ac_cv_header_strings_h=yes
ac_cv_header_sys_stat_h=yes
ac_cv_header_sys_types_h=yes
ac_cv_header_unistd_h=yes
ac_cv_header_wchar_h=yes
ac_cv_header_wctype_h=yes
ac_cv_host=x86_64-unknown-linux-gnu
ac_cv_objext=o
ac_cv_path_EGREP='/bin/grep -E'
ac_cv_path_GMSGFMT=:
ac_cv_path_GREP=/bin/grep
ac_cv_path_MSGFMT=:
ac_cv_path_MSGMERGE=:
ac_cv_path_XGETTEXT=:
ac_cv_path_install='/usr/bin/install -c'
ac_cv_prog_AWK=mawk
ac_cv_prog_CPP='gcc -E'
ac_cv_prog_ac_ct_AR=ar
ac_cv_prog_ac_ct_CC=gcc
ac_cv_prog_ac_ct_RANLIB=ranlib
ac_cv_prog_ac_ct_STRIP=strip
ac_cv_prog_cc_c89=
ac_cv_prog_cc_g=yes
ac_cv_prog_make_make_set=yes
ac_cv_sys_file_offset_bits=no
ac_cv_sys_largefile_CC=no
ac_cv_target=x86_64-unknown-linux-gnu
ac_cv_type_mbstate_t=yes
ac_cv_type_wchar_t=yes
ac_cv_type_wint_t=yes
ac_cv_working_alloca_h=yes
acl_cv_hardcode_direct=no
acl_cv_hardcode_libdir_flag_spec='${wl}-rpath ${wl}$libdir'
acl_cv_hardcode_libdir_separator=
acl_cv_hardcode_minus_L=no
acl_cv_libext=a
acl_cv_path_LD=/usr/bin/ld
acl_cv_prog_gnu_ld=yes
acl_cv_rpath=done
acl_cv_shlibext=so
acl_cv_wl=-Wl,
am_cv_CC_dependencies_compiler_type=gcc3
ax_cv_decl_wchar_max=yes
ax_cv_func_iswascii=no
ax_cv_func_iswblank=yes
ax_cv_func_iswctype=yes
ax_cv_func_iswlower=yes
ax_cv_func_iswupper=yes
ax_cv_func_mbrtowc=yes
ax_cv_func_towlower=yes
ax_cv_func_towupper=yes
ax_cv_func_wcschr=yes
ax_cv_func_wcscpy=yes
ax_cv_func_wcslen=yes
ax_cv_func_wcsncpy=yes
ax_cv_func_wcsrtombs=yes
ax_cv_func_wctype=yes
gl_cv_func_gnu_getopt=yes
gt_cv_func_CFLocaleCopyCurrent=no
gt_cv_func_CFPreferencesCopyAppValue=no
gt_cv_func_gnugettext1_libc=yes
lt_cv_deplibs_check_method=pass_all
lt_cv_file_magic_cmd='$MAGIC_CMD'
lt_cv_file_magic_test_file=
lt_cv_ld_reload_flag=-r
lt_cv_objdir=.libs
lt_cv_path_LD=/usr/bin/ld
lt_cv_path_NM='/usr/bin/nm -B'
lt_cv_path_SED=/bin/sed
lt_cv_prog_compiler_c_o=yes
lt_cv_prog_compiler_rtti_exceptions=no
lt_cv_prog_gnu_ld=yes
lt_cv_sys_global_symbol_pipe='sed -n -e '\''s/^.*[ 	]\([ABCDGIRSTW][ABCDGIRSTW]*\)[ 	][ 	]*\([_A-Za-z][_A-Za-z0-9]*\)$/\1 \2 \2/p'\'''
lt_cv_sys_global_symbol_to_c_name_address='sed -n -e '\''s/^: \([^ ]*\) $/  {\"\1\", (lt_ptr) 0},/p'\'' -e '\''s/^[BCDEGRST] \([^ ]*\) \([^ ]*\)$/  {"\2", (lt_ptr) \&\2},/p'\'''
lt_cv_sys_global_symbol_to_cdecl='sed -n -e '\''s/^. .* \(.*\)$/extern int \1;/p'\'''
lt_cv_sys_max_cmd_len=32768
lt_lt_cv_prog_compiler_c_o='"yes"'
lt_lt_cv_sys_global_symbol_pipe='"sed -n -e '\''s/^.*[ 	]\\([ABCDGIRSTW][ABCDGIRSTW]*\\)[ 	][ 	]*\\([_A-Za-z][_A-Za-z0-9]*\\)\$/\\1 \\2 \\2/p'\''"'
lt_lt_cv_sys_global_symbol_to_c_name_address='"sed -n -e '\''s/^: \\([^ ]*\\) \$/  {\\\"\\1\\\", (lt_ptr) 0},/p'\'' -e '\''s/^[BCDEGRST] \\([^ ]*\\) \\([^ ]*\\)\$/  {\"\\2\", (lt_ptr) \\&\\2},/p'\''"'
lt_lt_cv_sys_global_symbol_to_cdecl='"sed -n -e '\''s/^. .* \\(.*\\)\$/extern int \\1;/p'\''"'
vl_cv_prog_cc_warnings=-Wall

## ----------------- ##
## Output variables. ##
## ----------------- ##

ACLOCAL='${SHELL} /mnt/hgfs/Work/Scalpel/dist/tre-0.7.5-win32/utils/missing --run aclocal-1.9'
ALLOCA=''
AMDEPBACKSLASH='\'
AMDEP_FALSE='#'
AMDEP_TRUE=''
AMTAR='${SHELL} /mnt/hgfs/Work/Scalpel/dist/tre-0.7.5-win32/utils/missing --run tar'
AR='ar'
AS='as'
AUTOCONF='${SHELL} /mnt/hgfs/Work/Scalpel/dist/tre-0.7.5-win32/utils/missing --run autoconf'
AUTOHEADER='${SHELL} /mnt/hgfs/Work/Scalpel/dist/tre-0.7.5-win32/utils/missing --run autoheader'
AUTOMAKE='${SHELL} /mnt/hgfs/Work/Scalpel/dist/tre-0.7.5-win32/utils/missing --run automake-1.9'
AWK='mawk'
CC='gcc'
CCDEPMODE='depmode=gcc3'
CFLAGS='-g -O2 -Wall'
CPP='gcc -E'
CPPFLAGS=''
CYGPATH_W='echo'
DEFS='-DHAVE_CONFIG_H'
DEPDIR='.deps'
DLLTOOL='dlltool'
ECHO='echo'
ECHO_C=''
ECHO_N='-n'
ECHO_T=''
EGREP='/bin/grep -E'
EXEEXT=''
GETOPT_H=''
GL_COND_LIBTOOL_FALSE='#'
GL_COND_LIBTOOL_TRUE=''
GMSGFMT=':'
GREP='/bin/grep'
INSTALL_DATA='${INSTALL} -m 644'
INSTALL_PROGRAM='${INSTALL}'
INSTALL_SCRIPT='${INSTALL}'
INSTALL_STRIP_PROGRAM='${SHELL} $(install_sh) -c -s'
INTLLIBS=''
INTL_MACOSX_LIBS=''
LDFLAGS=''
LIBICONV='-liconv'
LIBINTL=''
LIBOBJS=''
LIBS=''
LIBTOOL='$(SHELL) $(top_builddir)/libtool'
LN_S='ln -s'
LTLIBICONV='-liconv'
LTLIBINTL=''
LTLIBOBJS=''
MAKEINFO='${SHELL} /mnt/hgfs/Work/Scalpel/dist/tre-0.7.5-win32/utils/missing --run makeinfo'
MKINSTALLDIRS='$(top_builddir)/utils/mkinstalldirs'
MSGFMT=':'
MSGMERGE=':'
OBJDUMP='objdump'
OBJEXT='o'
PACKAGE='tre'
PACKAGE_BUGREPORT='tre-general@lists.laurikari.net'
PACKAGE_NAME='TRE'
PACKAGE_STRING='TRE 0.7.5'
PACKAGE_TARNAME='tre'
PACKAGE_VERSION='0.7.5'
PATH_SEPARATOR=':'
POSUB='po'
RANLIB='ranlib'
SET_MAKE=''
SHELL='/bin/bash'
STRIP='strip'
TRE_AGREP_FALSE='#'
TRE_AGREP_TRUE=''
TRE_APPROX_FALSE='#'
TRE_APPROX_TRUE=''
TRE_DEBUG_FALSE=''
TRE_DEBUG_TRUE='#'
TRE_PROFILE_FALSE=''
TRE_PROFILE_TRUE='#'
TRE_VERSION='0.7.5'
UNISTD_H=''
USE_NLS='yes'
VERSION='0.7.5'
XGETTEXT=':'
ac_ct_CC='gcc'
am__fastdepCC_FALSE='#'
am__fastdepCC_TRUE=''
am__include='include'
am__leading_dot='.'
am__quote=''
am__tar='${AMTAR} chof - "$$tardir"'
am__untar='${AMTAR} xf -'
bindir='${exec_prefix}/bin'
build='x86_64-unknown-linux-gnu'
build_alias=''
build_cpu='x86_64'
build_os='linux-gnu'
build_vendor='unknown'
datadir='${datarootdir}'
datarootdir='${prefix}/share'
docdir='${datarootdir}/doc/${PACKAGE_TARNAME}'
dvidir='${docdir}'
exec_prefix='${prefix}'
gl_LIBOBJS=''
gl_LTLIBOBJS=''
host='x86_64-unknown-linux-gnu'
host_alias=''
host_cpu='x86_64'
host_os='linux-gnu'
host_vendor='unknown'
htmldir='${docdir}'
includedir='${prefix}/include'
infodir='${datarootdir}/info'
install_sh='/mnt/hgfs/Work/Scalpel/dist/tre-0.7.5-win32/utils/install-sh'
libdir='${exec_prefix}/lib'
libexecdir='${exec_prefix}/libexec'
localedir='${datarootdir}/locale'
localstatedir='${prefix}/var'
mandir='${datarootdir}/man'
mkdir_p='mkdir -p --'
oldincludedir='/usr/include'
pdfdir='${docdir}'
prefix='/usr/local'
program_transform_name='s,x,x,'
psdir='${docdir}'
sbindir='${exec_prefix}/sbin'
sharedstatedir='${prefix}/com'
sysconfdir='${prefix}/etc'
target='x86_64-unknown-linux-gnu'
target_alias=''
target_cpu='x86_64'
target_os='linux-gnu'
target_vendor='unknown'

## ----------- ##
## confdefs.h. ##
## ----------- ##

#define PACKAGE_NAME "TRE"
#define PACKAGE_TARNAME "tre"
#define PACKAGE_VERSION "0.7.5"
#define PACKAGE_STRING "TRE 0.7.5"
#define PACKAGE_BUGREPORT "tre-general@lists.laurikari.net"
#define PACKAGE "tre"
#define VERSION "0.7.5"
#define TRE_VERSION "0.7.5"
#define TRE_VERSION_1 0
#define TRE_VERSION_2 7
#define TRE_VERSION_3 5
#define NDEBUG 1
#define TRE_APPROX 1
#define _GNU_SOURCE 1
#define STDC_HEADERS 1
#define HAVE_SYS_TYPES_H 1
#define HAVE_SYS_STAT_H 1
#define HAVE_STDLIB_H 1
#define HAVE_STRING_H 1
#define HAVE_MEMORY_H 1
#define HAVE_STRINGS_H 1
#define HAVE_INTTYPES_H 1
#define HAVE_STDINT_H 1
#define HAVE_UNISTD_H 1
#define HAVE_GETOPT_H 1
#define HAVE_GETOPT_LONG_ONLY 1
#define HAVE_DECL_GETENV 1
#define HAVE_UNISTD_H 1
#define HAVE_UNISTD_H 1
#define HAVE_ALLOCA_H 1
#define HAVE_ALLOCA 1
#define TRE_USE_ALLOCA 1
#define TRE_REGEX_T_FIELD value
#define HAVE_ISASCII 1
#define HAVE_ISBLANK 1
#define HAVE_WCHAR_H 1
#define HAVE_WCTYPE_H 1
#define HAVE_WCHAR_T 1
#define HAVE_WINT_T 1
#define HAVE_MBSTATE_T 1
#define HAVE_WCSRTOMBS 1
#define HAVE_ISWLOWER 1
#define HAVE_ISWUPPER 1
#define HAVE_TOWLOWER 1
#define HAVE_TOWUPPER 1
#define HAVE_WCSCHR 1
#define HAVE_WCSCPY 1
#define HAVE_WCSLEN 1
#define HAVE_WCSNCPY 1
#define TRE_WCHAR 1
#define HAVE_WCTYPE 1
#define HAVE_ISWCTYPE 1
#define HAVE_ISWBLANK 1
#define HAVE_MBRTOWC 1
#define TRE_MULTIBYTE 1
#define ENABLE_NLS 1
#define HAVE_GETTEXT 1
#define HAVE_DCGETTEXT 1
#define HAVE_DLFCN_H 1

configure: exit 0
